CRITICAL - 2023-12-02 18:07:04 --> Call to undefined function CodeIgniter\locale_set_default()
#0 C:\xampp\htdocs\fitness\vendor\codeigniter4\framework\system\bootstrap.php(146): CodeIgniter\CodeIgniter->initialize()
#1 C:\xampp\htdocs\fitness\index.php(28): require('C:\\xampp\\htdocs...')
#2 {main}
CRITICAL - 2023-12-02 11:08:47 --> strtotime(): Passing null to parameter #1 ($datetime) of type string is deprecated
#0 [internal function]: CodeIgniter\Debug\Exceptions->errorHandler(8192, 'strtotime(): Pa...', 'C:\\xampp\\htdocs...', 27)
#1 C:\xampp\htdocs\fitness\app\Controllers\Home.php(27): strtotime(NULL)
#2 C:\xampp\htdocs\fitness\vendor\codeigniter4\framework\system\CodeIgniter.php(835): App\Controllers\Home->index()
#3 C:\xampp\htdocs\fitness\vendor\codeigniter4\framework\system\CodeIgniter.php(422): CodeIgniter\CodeIgniter->runController(Object(App\Controllers\Home))
#4 C:\xampp\htdocs\fitness\vendor\codeigniter4\framework\system\CodeIgniter.php(329): CodeIgniter\CodeIgniter->handleRequest(NULL, Object(Config\Cache), false)
#5 C:\xampp\htdocs\fitness\index.php(37): CodeIgniter\CodeIgniter->run()
#6 {main}
CRITICAL - 2023-12-02 11:43:52 --> Undefined variable: loginButton
#0 C:\xampp\htdocs\fitness_club\app\Views\frontend\members_login.php(100): CodeIgniter\Debug\Exceptions->errorHandler(8, 'Undefined varia...', 'C:\\xampp\\htdocs...', 100, Array)
#1 C:\xampp\htdocs\fitness_club\vendor\codeigniter4\framework\system\View\View.php(210): include('C:\\xampp\\htdocs...')
#2 C:\xampp\htdocs\fitness_club\vendor\codeigniter4\framework\system\View\View.php(213): CodeIgniter\View\View->CodeIgniter\View\{closure}()
#3 C:\xampp\htdocs\fitness_club\vendor\codeigniter4\framework\system\Common.php(1089): CodeIgniter\View\View->render('frontend/member...', Array, true)
#4 C:\xampp\htdocs\fitness_club\app\Controllers\ForgetPassword.php(44): view('frontend/member...')
#5 C:\xampp\htdocs\fitness_club\vendor\codeigniter4\framework\system\CodeIgniter.php(835): App\Controllers\ForgetPassword->index()
#6 C:\xampp\htdocs\fitness_club\vendor\codeigniter4\framework\system\CodeIgniter.php(422): CodeIgniter\CodeIgniter->runController(Object(App\Controllers\ForgetPassword))
#7 C:\xampp\htdocs\fitness_club\vendor\codeigniter4\framework\system\CodeIgniter.php(329): CodeIgniter\CodeIgniter->handleRequest(NULL, Object(Config\Cache), false)
#8 C:\xampp\htdocs\fitness_club\index.php(37): CodeIgniter\CodeIgniter->run()
#9 {main}
CRITICAL - 2023-12-02 11:43:53 --> Undefined variable: loginButton
#0 C:\xampp\htdocs\fitness_club\app\Views\frontend\members_login.php(100): CodeIgniter\Debug\Exceptions->errorHandler(8, 'Undefined varia...', 'C:\\xampp\\htdocs...', 100, Array)
#1 C:\xampp\htdocs\fitness_club\vendor\codeigniter4\framework\system\View\View.php(210): include('C:\\xampp\\htdocs...')
#2 C:\xampp\htdocs\fitness_club\vendor\codeigniter4\framework\system\View\View.php(213): CodeIgniter\View\View->CodeIgniter\View\{closure}()
#3 C:\xampp\htdocs\fitness_club\vendor\codeigniter4\framework\system\Common.php(1089): CodeIgniter\View\View->render('frontend/member...', Array, true)
#4 C:\xampp\htdocs\fitness_club\app\Controllers\ForgetPassword.php(44): view('frontend/member...')
#5 C:\xampp\htdocs\fitness_club\vendor\codeigniter4\framework\system\CodeIgniter.php(835): App\Controllers\ForgetPassword->index()
#6 C:\xampp\htdocs\fitness_club\vendor\codeigniter4\framework\system\CodeIgniter.php(422): CodeIgniter\CodeIgniter->runController(Object(App\Controllers\ForgetPassword))
#7 C:\xampp\htdocs\fitness_club\vendor\codeigniter4\framework\system\CodeIgniter.php(329): CodeIgniter\CodeIgniter->handleRequest(NULL, Object(Config\Cache), false)
#8 C:\xampp\htdocs\fitness_club\index.php(37): CodeIgniter\CodeIgniter->run()
#9 {main}
CRITICAL - 2023-12-02 11:43:53 --> Undefined variable: loginButton
#0 C:\xampp\htdocs\fitness_club\app\Views\frontend\members_login.php(100): CodeIgniter\Debug\Exceptions->errorHandler(8, 'Undefined varia...', 'C:\\xampp\\htdocs...', 100, Array)
#1 C:\xampp\htdocs\fitness_club\vendor\codeigniter4\framework\system\View\View.php(210): include('C:\\xampp\\htdocs...')
#2 C:\xampp\htdocs\fitness_club\vendor\codeigniter4\framework\system\View\View.php(213): CodeIgniter\View\View->CodeIgniter\View\{closure}()
#3 C:\xampp\htdocs\fitness_club\vendor\codeigniter4\framework\system\Common.php(1089): CodeIgniter\View\View->render('frontend/member...', Array, true)
#4 C:\xampp\htdocs\fitness_club\app\Controllers\ForgetPassword.php(44): view('frontend/member...')
#5 C:\xampp\htdocs\fitness_club\vendor\codeigniter4\framework\system\CodeIgniter.php(835): App\Controllers\ForgetPassword->index()
#6 C:\xampp\htdocs\fitness_club\vendor\codeigniter4\framework\system\CodeIgniter.php(422): CodeIgniter\CodeIgniter->runController(Object(App\Controllers\ForgetPassword))
#7 C:\xampp\htdocs\fitness_club\vendor\codeigniter4\framework\system\CodeIgniter.php(329): CodeIgniter\CodeIgniter->handleRequest(NULL, Object(Config\Cache), false)
#8 C:\xampp\htdocs\fitness_club\index.php(37): CodeIgniter\CodeIgniter->run()
#9 {main}
CRITICAL - 2023-12-02 11:43:53 --> Undefined variable: loginButton
#0 C:\xampp\htdocs\fitness_club\app\Views\frontend\members_login.php(100): CodeIgniter\Debug\Exceptions->errorHandler(8, 'Undefined varia...', 'C:\\xampp\\htdocs...', 100, Array)
#1 C:\xampp\htdocs\fitness_club\vendor\codeigniter4\framework\system\View\View.php(210): include('C:\\xampp\\htdocs...')
#2 C:\xampp\htdocs\fitness_club\vendor\codeigniter4\framework\system\View\View.php(213): CodeIgniter\View\View->CodeIgniter\View\{closure}()
#3 C:\xampp\htdocs\fitness_club\vendor\codeigniter4\framework\system\Common.php(1089): CodeIgniter\View\View->render('frontend/member...', Array, true)
#4 C:\xampp\htdocs\fitness_club\app\Controllers\ForgetPassword.php(44): view('frontend/member...')
#5 C:\xampp\htdocs\fitness_club\vendor\codeigniter4\framework\system\CodeIgniter.php(835): App\Controllers\ForgetPassword->index()
#6 C:\xampp\htdocs\fitness_club\vendor\codeigniter4\framework\system\CodeIgniter.php(422): CodeIgniter\CodeIgniter->runController(Object(App\Controllers\ForgetPassword))
#7 C:\xampp\htdocs\fitness_club\vendor\codeigniter4\framework\system\CodeIgniter.php(329): CodeIgniter\CodeIgniter->handleRequest(NULL, Object(Config\Cache), false)
#8 C:\xampp\htdocs\fitness_club\index.php(37): CodeIgniter\CodeIgniter->run()
#9 {main}
CRITICAL - 2023-12-02 11:43:53 --> Undefined variable: loginButton
#0 C:\xampp\htdocs\fitness_club\app\Views\frontend\members_login.php(100): CodeIgniter\Debug\Exceptions->errorHandler(8, 'Undefined varia...', 'C:\\xampp\\htdocs...', 100, Array)
#1 C:\xampp\htdocs\fitness_club\vendor\codeigniter4\framework\system\View\View.php(210): include('C:\\xampp\\htdocs...')
#2 C:\xampp\htdocs\fitness_club\vendor\codeigniter4\framework\system\View\View.php(213): CodeIgniter\View\View->CodeIgniter\View\{closure}()
#3 C:\xampp\htdocs\fitness_club\vendor\codeigniter4\framework\system\Common.php(1089): CodeIgniter\View\View->render('frontend/member...', Array, true)
#4 C:\xampp\htdocs\fitness_club\app\Controllers\ForgetPassword.php(44): view('frontend/member...')
#5 C:\xampp\htdocs\fitness_club\vendor\codeigniter4\framework\system\CodeIgniter.php(835): App\Controllers\ForgetPassword->index()
#6 C:\xampp\htdocs\fitness_club\vendor\codeigniter4\framework\system\CodeIgniter.php(422): CodeIgniter\CodeIgniter->runController(Object(App\Controllers\ForgetPassword))
#7 C:\xampp\htdocs\fitness_club\vendor\codeigniter4\framework\system\CodeIgniter.php(329): CodeIgniter\CodeIgniter->handleRequest(NULL, Object(Config\Cache), false)
#8 C:\xampp\htdocs\fitness_club\index.php(37): CodeIgniter\CodeIgniter->run()
#9 {main}
CRITICAL - 2023-12-02 11:43:54 --> Undefined variable: loginButton
#0 C:\xampp\htdocs\fitness_club\app\Views\frontend\members_login.php(100): CodeIgniter\Debug\Exceptions->errorHandler(8, 'Undefined varia...', 'C:\\xampp\\htdocs...', 100, Array)
#1 C:\xampp\htdocs\fitness_club\vendor\codeigniter4\framework\system\View\View.php(210): include('C:\\xampp\\htdocs...')
#2 C:\xampp\htdocs\fitness_club\vendor\codeigniter4\framework\system\View\View.php(213): CodeIgniter\View\View->CodeIgniter\View\{closure}()
#3 C:\xampp\htdocs\fitness_club\vendor\codeigniter4\framework\system\Common.php(1089): CodeIgniter\View\View->render('frontend/member...', Array, true)
#4 C:\xampp\htdocs\fitness_club\app\Controllers\ForgetPassword.php(44): view('frontend/member...')
#5 C:\xampp\htdocs\fitness_club\vendor\codeigniter4\framework\system\CodeIgniter.php(835): App\Controllers\ForgetPassword->index()
#6 C:\xampp\htdocs\fitness_club\vendor\codeigniter4\framework\system\CodeIgniter.php(422): CodeIgniter\CodeIgniter->runController(Object(App\Controllers\ForgetPassword))
#7 C:\xampp\htdocs\fitness_club\vendor\codeigniter4\framework\system\CodeIgniter.php(329): CodeIgniter\CodeIgniter->handleRequest(NULL, Object(Config\Cache), false)
#8 C:\xampp\htdocs\fitness_club\index.php(37): CodeIgniter\CodeIgniter->run()
#9 {main}
CRITICAL - 2023-12-02 11:43:54 --> Undefined variable: loginButton
#0 C:\xampp\htdocs\fitness_club\app\Views\frontend\members_login.php(100): CodeIgniter\Debug\Exceptions->errorHandler(8, 'Undefined varia...', 'C:\\xampp\\htdocs...', 100, Array)
#1 C:\xampp\htdocs\fitness_club\vendor\codeigniter4\framework\system\View\View.php(210): include('C:\\xampp\\htdocs...')
#2 C:\xampp\htdocs\fitness_club\vendor\codeigniter4\framework\system\View\View.php(213): CodeIgniter\View\View->CodeIgniter\View\{closure}()
#3 C:\xampp\htdocs\fitness_club\vendor\codeigniter4\framework\system\Common.php(1089): CodeIgniter\View\View->render('frontend/member...', Array, true)
#4 C:\xampp\htdocs\fitness_club\app\Controllers\ForgetPassword.php(44): view('frontend/member...')
#5 C:\xampp\htdocs\fitness_club\vendor\codeigniter4\framework\system\CodeIgniter.php(835): App\Controllers\ForgetPassword->index()
#6 C:\xampp\htdocs\fitness_club\vendor\codeigniter4\framework\system\CodeIgniter.php(422): CodeIgniter\CodeIgniter->runController(Object(App\Controllers\ForgetPassword))
#7 C:\xampp\htdocs\fitness_club\vendor\codeigniter4\framework\system\CodeIgniter.php(329): CodeIgniter\CodeIgniter->handleRequest(NULL, Object(Config\Cache), false)
#8 C:\xampp\htdocs\fitness_club\index.php(37): CodeIgniter\CodeIgniter->run()
#9 {main}
CRITICAL - 2023-12-02 11:43:54 --> Undefined variable: loginButton
#0 C:\xampp\htdocs\fitness_club\app\Views\frontend\members_login.php(100): CodeIgniter\Debug\Exceptions->errorHandler(8, 'Undefined varia...', 'C:\\xampp\\htdocs...', 100, Array)
#1 C:\xampp\htdocs\fitness_club\vendor\codeigniter4\framework\system\View\View.php(210): include('C:\\xampp\\htdocs...')
#2 C:\xampp\htdocs\fitness_club\vendor\codeigniter4\framework\system\View\View.php(213): CodeIgniter\View\View->CodeIgniter\View\{closure}()
#3 C:\xampp\htdocs\fitness_club\vendor\codeigniter4\framework\system\Common.php(1089): CodeIgniter\View\View->render('frontend/member...', Array, true)
#4 C:\xampp\htdocs\fitness_club\app\Controllers\ForgetPassword.php(44): view('frontend/member...')
#5 C:\xampp\htdocs\fitness_club\vendor\codeigniter4\framework\system\CodeIgniter.php(835): App\Controllers\ForgetPassword->index()
#6 C:\xampp\htdocs\fitness_club\vendor\codeigniter4\framework\system\CodeIgniter.php(422): CodeIgniter\CodeIgniter->runController(Object(App\Controllers\ForgetPassword))
#7 C:\xampp\htdocs\fitness_club\vendor\codeigniter4\framework\system\CodeIgniter.php(329): CodeIgniter\CodeIgniter->handleRequest(NULL, Object(Config\Cache), false)
#8 C:\xampp\htdocs\fitness_club\index.php(37): CodeIgniter\CodeIgniter->run()
#9 {main}
CRITICAL - 2023-12-02 11:43:55 --> Undefined variable: loginButton
#0 C:\xampp\htdocs\fitness_club\app\Views\frontend\members_login.php(100): CodeIgniter\Debug\Exceptions->errorHandler(8, 'Undefined varia...', 'C:\\xampp\\htdocs...', 100, Array)
#1 C:\xampp\htdocs\fitness_club\vendor\codeigniter4\framework\system\View\View.php(210): include('C:\\xampp\\htdocs...')
#2 C:\xampp\htdocs\fitness_club\vendor\codeigniter4\framework\system\View\View.php(213): CodeIgniter\View\View->CodeIgniter\View\{closure}()
#3 C:\xampp\htdocs\fitness_club\vendor\codeigniter4\framework\system\Common.php(1089): CodeIgniter\View\View->render('frontend/member...', Array, true)
#4 C:\xampp\htdocs\fitness_club\app\Controllers\ForgetPassword.php(44): view('frontend/member...')
#5 C:\xampp\htdocs\fitness_club\vendor\codeigniter4\framework\system\CodeIgniter.php(835): App\Controllers\ForgetPassword->index()
#6 C:\xampp\htdocs\fitness_club\vendor\codeigniter4\framework\system\CodeIgniter.php(422): CodeIgniter\CodeIgniter->runController(Object(App\Controllers\ForgetPassword))
#7 C:\xampp\htdocs\fitness_club\vendor\codeigniter4\framework\system\CodeIgniter.php(329): CodeIgniter\CodeIgniter->handleRequest(NULL, Object(Config\Cache), false)
#8 C:\xampp\htdocs\fitness_club\index.php(37): CodeIgniter\CodeIgniter->run()
#9 {main}
CRITICAL - 2023-12-02 11:43:55 --> Undefined variable: loginButton
#0 C:\xampp\htdocs\fitness_club\app\Views\frontend\members_login.php(100): CodeIgniter\Debug\Exceptions->errorHandler(8, 'Undefined varia...', 'C:\\xampp\\htdocs...', 100, Array)
#1 C:\xampp\htdocs\fitness_club\vendor\codeigniter4\framework\system\View\View.php(210): include('C:\\xampp\\htdocs...')
#2 C:\xampp\htdocs\fitness_club\vendor\codeigniter4\framework\system\View\View.php(213): CodeIgniter\View\View->CodeIgniter\View\{closure}()
#3 C:\xampp\htdocs\fitness_club\vendor\codeigniter4\framework\system\Common.php(1089): CodeIgniter\View\View->render('frontend/member...', Array, true)
#4 C:\xampp\htdocs\fitness_club\app\Controllers\ForgetPassword.php(44): view('frontend/member...')
#5 C:\xampp\htdocs\fitness_club\vendor\codeigniter4\framework\system\CodeIgniter.php(835): App\Controllers\ForgetPassword->index()
#6 C:\xampp\htdocs\fitness_club\vendor\codeigniter4\framework\system\CodeIgniter.php(422): CodeIgniter\CodeIgniter->runController(Object(App\Controllers\ForgetPassword))
#7 C:\xampp\htdocs\fitness_club\vendor\codeigniter4\framework\system\CodeIgniter.php(329): CodeIgniter\CodeIgniter->handleRequest(NULL, Object(Config\Cache), false)
#8 C:\xampp\htdocs\fitness_club\index.php(37): CodeIgniter\CodeIgniter->run()
#9 {main}
CRITICAL - 2023-12-02 11:43:56 --> Undefined variable: loginButton
#0 C:\xampp\htdocs\fitness_club\app\Views\frontend\members_login.php(100): CodeIgniter\Debug\Exceptions->errorHandler(8, 'Undefined varia...', 'C:\\xampp\\htdocs...', 100, Array)
#1 C:\xampp\htdocs\fitness_club\vendor\codeigniter4\framework\system\View\View.php(210): include('C:\\xampp\\htdocs...')
#2 C:\xampp\htdocs\fitness_club\vendor\codeigniter4\framework\system\View\View.php(213): CodeIgniter\View\View->CodeIgniter\View\{closure}()
#3 C:\xampp\htdocs\fitness_club\vendor\codeigniter4\framework\system\Common.php(1089): CodeIgniter\View\View->render('frontend/member...', Array, true)
#4 C:\xampp\htdocs\fitness_club\app\Controllers\ForgetPassword.php(44): view('frontend/member...')
#5 C:\xampp\htdocs\fitness_club\vendor\codeigniter4\framework\system\CodeIgniter.php(835): App\Controllers\ForgetPassword->index()
#6 C:\xampp\htdocs\fitness_club\vendor\codeigniter4\framework\system\CodeIgniter.php(422): CodeIgniter\CodeIgniter->runController(Object(App\Controllers\ForgetPassword))
#7 C:\xampp\htdocs\fitness_club\vendor\codeigniter4\framework\system\CodeIgniter.php(329): CodeIgniter\CodeIgniter->handleRequest(NULL, Object(Config\Cache), false)
#8 C:\xampp\htdocs\fitness_club\index.php(37): CodeIgniter\CodeIgniter->run()
#9 {main}
CRITICAL - 2023-12-02 11:43:57 --> Undefined variable: loginButton
#0 C:\xampp\htdocs\fitness_club\app\Views\frontend\members_login.php(100): CodeIgniter\Debug\Exceptions->errorHandler(8, 'Undefined varia...', 'C:\\xampp\\htdocs...', 100, Array)
#1 C:\xampp\htdocs\fitness_club\vendor\codeigniter4\framework\system\View\View.php(210): include('C:\\xampp\\htdocs...')
#2 C:\xampp\htdocs\fitness_club\vendor\codeigniter4\framework\system\View\View.php(213): CodeIgniter\View\View->CodeIgniter\View\{closure}()
#3 C:\xampp\htdocs\fitness_club\vendor\codeigniter4\framework\system\Common.php(1089): CodeIgniter\View\View->render('frontend/member...', Array, true)
#4 C:\xampp\htdocs\fitness_club\app\Controllers\ForgetPassword.php(44): view('frontend/member...')
#5 C:\xampp\htdocs\fitness_club\vendor\codeigniter4\framework\system\CodeIgniter.php(835): App\Controllers\ForgetPassword->index()
#6 C:\xampp\htdocs\fitness_club\vendor\codeigniter4\framework\system\CodeIgniter.php(422): CodeIgniter\CodeIgniter->runController(Object(App\Controllers\ForgetPassword))
#7 C:\xampp\htdocs\fitness_club\vendor\codeigniter4\framework\system\CodeIgniter.php(329): CodeIgniter\CodeIgniter->handleRequest(NULL, Object(Config\Cache), false)
#8 C:\xampp\htdocs\fitness_club\index.php(37): CodeIgniter\CodeIgniter->run()
#9 {main}
CRITICAL - 2023-12-02 11:43:57 --> Undefined variable: loginButton
#0 C:\xampp\htdocs\fitness_club\app\Views\frontend\members_login.php(100): CodeIgniter\Debug\Exceptions->errorHandler(8, 'Undefined varia...', 'C:\\xampp\\htdocs...', 100, Array)
#1 C:\xampp\htdocs\fitness_club\vendor\codeigniter4\framework\system\View\View.php(210): include('C:\\xampp\\htdocs...')
#2 C:\xampp\htdocs\fitness_club\vendor\codeigniter4\framework\system\View\View.php(213): CodeIgniter\View\View->CodeIgniter\View\{closure}()
#3 C:\xampp\htdocs\fitness_club\vendor\codeigniter4\framework\system\Common.php(1089): CodeIgniter\View\View->render('frontend/member...', Array, true)
#4 C:\xampp\htdocs\fitness_club\app\Controllers\ForgetPassword.php(44): view('frontend/member...')
#5 C:\xampp\htdocs\fitness_club\vendor\codeigniter4\framework\system\CodeIgniter.php(835): App\Controllers\ForgetPassword->index()
#6 C:\xampp\htdocs\fitness_club\vendor\codeigniter4\framework\system\CodeIgniter.php(422): CodeIgniter\CodeIgniter->runController(Object(App\Controllers\ForgetPassword))
#7 C:\xampp\htdocs\fitness_club\vendor\codeigniter4\framework\system\CodeIgniter.php(329): CodeIgniter\CodeIgniter->handleRequest(NULL, Object(Config\Cache), false)
#8 C:\xampp\htdocs\fitness_club\index.php(37): CodeIgniter\CodeIgniter->run()
#9 {main}
CRITICAL - 2023-12-02 11:43:57 --> Undefined variable: loginButton
#0 C:\xampp\htdocs\fitness_club\app\Views\frontend\members_login.php(100): CodeIgniter\Debug\Exceptions->errorHandler(8, 'Undefined varia...', 'C:\\xampp\\htdocs...', 100, Array)
#1 C:\xampp\htdocs\fitness_club\vendor\codeigniter4\framework\system\View\View.php(210): include('C:\\xampp\\htdocs...')
#2 C:\xampp\htdocs\fitness_club\vendor\codeigniter4\framework\system\View\View.php(213): CodeIgniter\View\View->CodeIgniter\View\{closure}()
#3 C:\xampp\htdocs\fitness_club\vendor\codeigniter4\framework\system\Common.php(1089): CodeIgniter\View\View->render('frontend/member...', Array, true)
#4 C:\xampp\htdocs\fitness_club\app\Controllers\ForgetPassword.php(44): view('frontend/member...')
#5 C:\xampp\htdocs\fitness_club\vendor\codeigniter4\framework\system\CodeIgniter.php(835): App\Controllers\ForgetPassword->index()
#6 C:\xampp\htdocs\fitness_club\vendor\codeigniter4\framework\system\CodeIgniter.php(422): CodeIgniter\CodeIgniter->runController(Object(App\Controllers\ForgetPassword))
#7 C:\xampp\htdocs\fitness_club\vendor\codeigniter4\framework\system\CodeIgniter.php(329): CodeIgniter\CodeIgniter->handleRequest(NULL, Object(Config\Cache), false)
#8 C:\xampp\htdocs\fitness_club\index.php(37): CodeIgniter\CodeIgniter->run()
#9 {main}
CRITICAL - 2023-12-02 11:43:57 --> Undefined variable: loginButton
#0 C:\xampp\htdocs\fitness_club\app\Views\frontend\members_login.php(100): CodeIgniter\Debug\Exceptions->errorHandler(8, 'Undefined varia...', 'C:\\xampp\\htdocs...', 100, Array)
#1 C:\xampp\htdocs\fitness_club\vendor\codeigniter4\framework\system\View\View.php(210): include('C:\\xampp\\htdocs...')
#2 C:\xampp\htdocs\fitness_club\vendor\codeigniter4\framework\system\View\View.php(213): CodeIgniter\View\View->CodeIgniter\View\{closure}()
#3 C:\xampp\htdocs\fitness_club\vendor\codeigniter4\framework\system\Common.php(1089): CodeIgniter\View\View->render('frontend/member...', Array, true)
#4 C:\xampp\htdocs\fitness_club\app\Controllers\ForgetPassword.php(44): view('frontend/member...')
#5 C:\xampp\htdocs\fitness_club\vendor\codeigniter4\framework\system\CodeIgniter.php(835): App\Controllers\ForgetPassword->index()
#6 C:\xampp\htdocs\fitness_club\vendor\codeigniter4\framework\system\CodeIgniter.php(422): CodeIgniter\CodeIgniter->runController(Object(App\Controllers\ForgetPassword))
#7 C:\xampp\htdocs\fitness_club\vendor\codeigniter4\framework\system\CodeIgniter.php(329): CodeIgniter\CodeIgniter->handleRequest(NULL, Object(Config\Cache), false)
#8 C:\xampp\htdocs\fitness_club\index.php(37): CodeIgniter\CodeIgniter->run()
#9 {main}
CRITICAL - 2023-12-02 11:43:57 --> Undefined variable: loginButton
#0 C:\xampp\htdocs\fitness_club\app\Views\frontend\members_login.php(100): CodeIgniter\Debug\Exceptions->errorHandler(8, 'Undefined varia...', 'C:\\xampp\\htdocs...', 100, Array)
#1 C:\xampp\htdocs\fitness_club\vendor\codeigniter4\framework\system\View\View.php(210): include('C:\\xampp\\htdocs...')
#2 C:\xampp\htdocs\fitness_club\vendor\codeigniter4\framework\system\View\View.php(213): CodeIgniter\View\View->CodeIgniter\View\{closure}()
#3 C:\xampp\htdocs\fitness_club\vendor\codeigniter4\framework\system\Common.php(1089): CodeIgniter\View\View->render('frontend/member...', Array, true)
#4 C:\xampp\htdocs\fitness_club\app\Controllers\ForgetPassword.php(44): view('frontend/member...')
#5 C:\xampp\htdocs\fitness_club\vendor\codeigniter4\framework\system\CodeIgniter.php(835): App\Controllers\ForgetPassword->index()
#6 C:\xampp\htdocs\fitness_club\vendor\codeigniter4\framework\system\CodeIgniter.php(422): CodeIgniter\CodeIgniter->runController(Object(App\Controllers\ForgetPassword))
#7 C:\xampp\htdocs\fitness_club\vendor\codeigniter4\framework\system\CodeIgniter.php(329): CodeIgniter\CodeIgniter->handleRequest(NULL, Object(Config\Cache), false)
#8 C:\xampp\htdocs\fitness_club\index.php(37): CodeIgniter\CodeIgniter->run()
#9 {main}
CRITICAL - 2023-12-02 11:43:58 --> Undefined variable: loginButton
#0 C:\xampp\htdocs\fitness_club\app\Views\frontend\members_login.php(100): CodeIgniter\Debug\Exceptions->errorHandler(8, 'Undefined varia...', 'C:\\xampp\\htdocs...', 100, Array)
#1 C:\xampp\htdocs\fitness_club\vendor\codeigniter4\framework\system\View\View.php(210): include('C:\\xampp\\htdocs...')
#2 C:\xampp\htdocs\fitness_club\vendor\codeigniter4\framework\system\View\View.php(213): CodeIgniter\View\View->CodeIgniter\View\{closure}()
#3 C:\xampp\htdocs\fitness_club\vendor\codeigniter4\framework\system\Common.php(1089): CodeIgniter\View\View->render('frontend/member...', Array, true)
#4 C:\xampp\htdocs\fitness_club\app\Controllers\ForgetPassword.php(44): view('frontend/member...')
#5 C:\xampp\htdocs\fitness_club\vendor\codeigniter4\framework\system\CodeIgniter.php(835): App\Controllers\ForgetPassword->index()
#6 C:\xampp\htdocs\fitness_club\vendor\codeigniter4\framework\system\CodeIgniter.php(422): CodeIgniter\CodeIgniter->runController(Object(App\Controllers\ForgetPassword))
#7 C:\xampp\htdocs\fitness_club\vendor\codeigniter4\framework\system\CodeIgniter.php(329): CodeIgniter\CodeIgniter->handleRequest(NULL, Object(Config\Cache), false)
#8 C:\xampp\htdocs\fitness_club\index.php(37): CodeIgniter\CodeIgniter->run()
#9 {main}
CRITICAL - 2023-12-02 11:43:59 --> Undefined variable: loginButton
#0 C:\xampp\htdocs\fitness_club\app\Views\frontend\members_login.php(100): CodeIgniter\Debug\Exceptions->errorHandler(8, 'Undefined varia...', 'C:\\xampp\\htdocs...', 100, Array)
#1 C:\xampp\htdocs\fitness_club\vendor\codeigniter4\framework\system\View\View.php(210): include('C:\\xampp\\htdocs...')
#2 C:\xampp\htdocs\fitness_club\vendor\codeigniter4\framework\system\View\View.php(213): CodeIgniter\View\View->CodeIgniter\View\{closure}()
#3 C:\xampp\htdocs\fitness_club\vendor\codeigniter4\framework\system\Common.php(1089): CodeIgniter\View\View->render('frontend/member...', Array, true)
#4 C:\xampp\htdocs\fitness_club\app\Controllers\ForgetPassword.php(44): view('frontend/member...')
#5 C:\xampp\htdocs\fitness_club\vendor\codeigniter4\framework\system\CodeIgniter.php(835): App\Controllers\ForgetPassword->index()
#6 C:\xampp\htdocs\fitness_club\vendor\codeigniter4\framework\system\CodeIgniter.php(422): CodeIgniter\CodeIgniter->runController(Object(App\Controllers\ForgetPassword))
#7 C:\xampp\htdocs\fitness_club\vendor\codeigniter4\framework\system\CodeIgniter.php(329): CodeIgniter\CodeIgniter->handleRequest(NULL, Object(Config\Cache), false)
#8 C:\xampp\htdocs\fitness_club\index.php(37): CodeIgniter\CodeIgniter->run()
#9 {main}
CRITICAL - 2023-12-02 11:43:59 --> Undefined variable: loginButton
#0 C:\xampp\htdocs\fitness_club\app\Views\frontend\members_login.php(100): CodeIgniter\Debug\Exceptions->errorHandler(8, 'Undefined varia...', 'C:\\xampp\\htdocs...', 100, Array)
#1 C:\xampp\htdocs\fitness_club\vendor\codeigniter4\framework\system\View\View.php(210): include('C:\\xampp\\htdocs...')
#2 C:\xampp\htdocs\fitness_club\vendor\codeigniter4\framework\system\View\View.php(213): CodeIgniter\View\View->CodeIgniter\View\{closure}()
#3 C:\xampp\htdocs\fitness_club\vendor\codeigniter4\framework\system\Common.php(1089): CodeIgniter\View\View->render('frontend/member...', Array, true)
#4 C:\xampp\htdocs\fitness_club\app\Controllers\ForgetPassword.php(44): view('frontend/member...')
#5 C:\xampp\htdocs\fitness_club\vendor\codeigniter4\framework\system\CodeIgniter.php(835): App\Controllers\ForgetPassword->index()
#6 C:\xampp\htdocs\fitness_club\vendor\codeigniter4\framework\system\CodeIgniter.php(422): CodeIgniter\CodeIgniter->runController(Object(App\Controllers\ForgetPassword))
#7 C:\xampp\htdocs\fitness_club\vendor\codeigniter4\framework\system\CodeIgniter.php(329): CodeIgniter\CodeIgniter->handleRequest(NULL, Object(Config\Cache), false)
#8 C:\xampp\htdocs\fitness_club\index.php(37): CodeIgniter\CodeIgniter->run()
#9 {main}
CRITICAL - 2023-12-02 11:43:59 --> Undefined variable: loginButton
#0 C:\xampp\htdocs\fitness_club\app\Views\frontend\members_login.php(100): CodeIgniter\Debug\Exceptions->errorHandler(8, 'Undefined varia...', 'C:\\xampp\\htdocs...', 100, Array)
#1 C:\xampp\htdocs\fitness_club\vendor\codeigniter4\framework\system\View\View.php(210): include('C:\\xampp\\htdocs...')
#2 C:\xampp\htdocs\fitness_club\vendor\codeigniter4\framework\system\View\View.php(213): CodeIgniter\View\View->CodeIgniter\View\{closure}()
#3 C:\xampp\htdocs\fitness_club\vendor\codeigniter4\framework\system\Common.php(1089): CodeIgniter\View\View->render('frontend/member...', Array, true)
#4 C:\xampp\htdocs\fitness_club\app\Controllers\ForgetPassword.php(44): view('frontend/member...')
#5 C:\xampp\htdocs\fitness_club\vendor\codeigniter4\framework\system\CodeIgniter.php(835): App\Controllers\ForgetPassword->index()
#6 C:\xampp\htdocs\fitness_club\vendor\codeigniter4\framework\system\CodeIgniter.php(422): CodeIgniter\CodeIgniter->runController(Object(App\Controllers\ForgetPassword))
#7 C:\xampp\htdocs\fitness_club\vendor\codeigniter4\framework\system\CodeIgniter.php(329): CodeIgniter\CodeIgniter->handleRequest(NULL, Object(Config\Cache), false)
#8 C:\xampp\htdocs\fitness_club\index.php(37): CodeIgniter\CodeIgniter->run()
#9 {main}
CRITICAL - 2023-12-02 11:44:00 --> Undefined variable: loginButton
#0 C:\xampp\htdocs\fitness_club\app\Views\frontend\members_login.php(100): CodeIgniter\Debug\Exceptions->errorHandler(8, 'Undefined varia...', 'C:\\xampp\\htdocs...', 100, Array)
#1 C:\xampp\htdocs\fitness_club\vendor\codeigniter4\framework\system\View\View.php(210): include('C:\\xampp\\htdocs...')
#2 C:\xampp\htdocs\fitness_club\vendor\codeigniter4\framework\system\View\View.php(213): CodeIgniter\View\View->CodeIgniter\View\{closure}()
#3 C:\xampp\htdocs\fitness_club\vendor\codeigniter4\framework\system\Common.php(1089): CodeIgniter\View\View->render('frontend/member...', Array, true)
#4 C:\xampp\htdocs\fitness_club\app\Controllers\ForgetPassword.php(44): view('frontend/member...')
#5 C:\xampp\htdocs\fitness_club\vendor\codeigniter4\framework\system\CodeIgniter.php(835): App\Controllers\ForgetPassword->index()
#6 C:\xampp\htdocs\fitness_club\vendor\codeigniter4\framework\system\CodeIgniter.php(422): CodeIgniter\CodeIgniter->runController(Object(App\Controllers\ForgetPassword))
#7 C:\xampp\htdocs\fitness_club\vendor\codeigniter4\framework\system\CodeIgniter.php(329): CodeIgniter\CodeIgniter->handleRequest(NULL, Object(Config\Cache), false)
#8 C:\xampp\htdocs\fitness_club\index.php(37): CodeIgniter\CodeIgniter->run()
#9 {main}
CRITICAL - 2023-12-02 11:44:00 --> Undefined variable: loginButton
#0 C:\xampp\htdocs\fitness_club\app\Views\frontend\members_login.php(100): CodeIgniter\Debug\Exceptions->errorHandler(8, 'Undefined varia...', 'C:\\xampp\\htdocs...', 100, Array)
#1 C:\xampp\htdocs\fitness_club\vendor\codeigniter4\framework\system\View\View.php(210): include('C:\\xampp\\htdocs...')
#2 C:\xampp\htdocs\fitness_club\vendor\codeigniter4\framework\system\View\View.php(213): CodeIgniter\View\View->CodeIgniter\View\{closure}()
#3 C:\xampp\htdocs\fitness_club\vendor\codeigniter4\framework\system\Common.php(1089): CodeIgniter\View\View->render('frontend/member...', Array, true)
#4 C:\xampp\htdocs\fitness_club\app\Controllers\ForgetPassword.php(44): view('frontend/member...')
#5 C:\xampp\htdocs\fitness_club\vendor\codeigniter4\framework\system\CodeIgniter.php(835): App\Controllers\ForgetPassword->index()
#6 C:\xampp\htdocs\fitness_club\vendor\codeigniter4\framework\system\CodeIgniter.php(422): CodeIgniter\CodeIgniter->runController(Object(App\Controllers\ForgetPassword))
#7 C:\xampp\htdocs\fitness_club\vendor\codeigniter4\framework\system\CodeIgniter.php(329): CodeIgniter\CodeIgniter->handleRequest(NULL, Object(Config\Cache), false)
#8 C:\xampp\htdocs\fitness_club\index.php(37): CodeIgniter\CodeIgniter->run()
#9 {main}
CRITICAL - 2023-12-02 11:44:01 --> Undefined variable: loginButton
#0 C:\xampp\htdocs\fitness_club\app\Views\frontend\members_login.php(100): CodeIgniter\Debug\Exceptions->errorHandler(8, 'Undefined varia...', 'C:\\xampp\\htdocs...', 100, Array)
#1 C:\xampp\htdocs\fitness_club\vendor\codeigniter4\framework\system\View\View.php(210): include('C:\\xampp\\htdocs...')
#2 C:\xampp\htdocs\fitness_club\vendor\codeigniter4\framework\system\View\View.php(213): CodeIgniter\View\View->CodeIgniter\View\{closure}()
#3 C:\xampp\htdocs\fitness_club\vendor\codeigniter4\framework\system\Common.php(1089): CodeIgniter\View\View->render('frontend/member...', Array, true)
#4 C:\xampp\htdocs\fitness_club\app\Controllers\ForgetPassword.php(44): view('frontend/member...')
#5 C:\xampp\htdocs\fitness_club\vendor\codeigniter4\framework\system\CodeIgniter.php(835): App\Controllers\ForgetPassword->index()
#6 C:\xampp\htdocs\fitness_club\vendor\codeigniter4\framework\system\CodeIgniter.php(422): CodeIgniter\CodeIgniter->runController(Object(App\Controllers\ForgetPassword))
#7 C:\xampp\htdocs\fitness_club\vendor\codeigniter4\framework\system\CodeIgniter.php(329): CodeIgniter\CodeIgniter->handleRequest(NULL, Object(Config\Cache), false)
#8 C:\xampp\htdocs\fitness_club\index.php(37): CodeIgniter\CodeIgniter->run()
#9 {main}
CRITICAL - 2023-12-02 11:44:01 --> Undefined variable: loginButton
#0 C:\xampp\htdocs\fitness_club\app\Views\frontend\members_login.php(100): CodeIgniter\Debug\Exceptions->errorHandler(8, 'Undefined varia...', 'C:\\xampp\\htdocs...', 100, Array)
#1 C:\xampp\htdocs\fitness_club\vendor\codeigniter4\framework\system\View\View.php(210): include('C:\\xampp\\htdocs...')
#2 C:\xampp\htdocs\fitness_club\vendor\codeigniter4\framework\system\View\View.php(213): CodeIgniter\View\View->CodeIgniter\View\{closure}()
#3 C:\xampp\htdocs\fitness_club\vendor\codeigniter4\framework\system\Common.php(1089): CodeIgniter\View\View->render('frontend/member...', Array, true)
#4 C:\xampp\htdocs\fitness_club\app\Controllers\ForgetPassword.php(44): view('frontend/member...')
#5 C:\xampp\htdocs\fitness_club\vendor\codeigniter4\framework\system\CodeIgniter.php(835): App\Controllers\ForgetPassword->index()
#6 C:\xampp\htdocs\fitness_club\vendor\codeigniter4\framework\system\CodeIgniter.php(422): CodeIgniter\CodeIgniter->runController(Object(App\Controllers\ForgetPassword))
#7 C:\xampp\htdocs\fitness_club\vendor\codeigniter4\framework\system\CodeIgniter.php(329): CodeIgniter\CodeIgniter->handleRequest(NULL, Object(Config\Cache), false)
#8 C:\xampp\htdocs\fitness_club\index.php(37): CodeIgniter\CodeIgniter->run()
#9 {main}
CRITICAL - 2023-12-02 11:44:01 --> Undefined variable: loginButton
#0 C:\xampp\htdocs\fitness_club\app\Views\frontend\members_login.php(100): CodeIgniter\Debug\Exceptions->errorHandler(8, 'Undefined varia...', 'C:\\xampp\\htdocs...', 100, Array)
#1 C:\xampp\htdocs\fitness_club\vendor\codeigniter4\framework\system\View\View.php(210): include('C:\\xampp\\htdocs...')
#2 C:\xampp\htdocs\fitness_club\vendor\codeigniter4\framework\system\View\View.php(213): CodeIgniter\View\View->CodeIgniter\View\{closure}()
#3 C:\xampp\htdocs\fitness_club\vendor\codeigniter4\framework\system\Common.php(1089): CodeIgniter\View\View->render('frontend/member...', Array, true)
#4 C:\xampp\htdocs\fitness_club\app\Controllers\ForgetPassword.php(44): view('frontend/member...')
#5 C:\xampp\htdocs\fitness_club\vendor\codeigniter4\framework\system\CodeIgniter.php(835): App\Controllers\ForgetPassword->index()
#6 C:\xampp\htdocs\fitness_club\vendor\codeigniter4\framework\system\CodeIgniter.php(422): CodeIgniter\CodeIgniter->runController(Object(App\Controllers\ForgetPassword))
#7 C:\xampp\htdocs\fitness_club\vendor\codeigniter4\framework\system\CodeIgniter.php(329): CodeIgniter\CodeIgniter->handleRequest(NULL, Object(Config\Cache), false)
#8 C:\xampp\htdocs\fitness_club\index.php(37): CodeIgniter\CodeIgniter->run()
#9 {main}
CRITICAL - 2023-12-02 11:44:02 --> Undefined variable: loginButton
#0 C:\xampp\htdocs\fitness_club\app\Views\frontend\members_login.php(100): CodeIgniter\Debug\Exceptions->errorHandler(8, 'Undefined varia...', 'C:\\xampp\\htdocs...', 100, Array)
#1 C:\xampp\htdocs\fitness_club\vendor\codeigniter4\framework\system\View\View.php(210): include('C:\\xampp\\htdocs...')
#2 C:\xampp\htdocs\fitness_club\vendor\codeigniter4\framework\system\View\View.php(213): CodeIgniter\View\View->CodeIgniter\View\{closure}()
#3 C:\xampp\htdocs\fitness_club\vendor\codeigniter4\framework\system\Common.php(1089): CodeIgniter\View\View->render('frontend/member...', Array, true)
#4 C:\xampp\htdocs\fitness_club\app\Controllers\ForgetPassword.php(44): view('frontend/member...')
#5 C:\xampp\htdocs\fitness_club\vendor\codeigniter4\framework\system\CodeIgniter.php(835): App\Controllers\ForgetPassword->index()
#6 C:\xampp\htdocs\fitness_club\vendor\codeigniter4\framework\system\CodeIgniter.php(422): CodeIgniter\CodeIgniter->runController(Object(App\Controllers\ForgetPassword))
#7 C:\xampp\htdocs\fitness_club\vendor\codeigniter4\framework\system\CodeIgniter.php(329): CodeIgniter\CodeIgniter->handleRequest(NULL, Object(Config\Cache), false)
#8 C:\xampp\htdocs\fitness_club\index.php(37): CodeIgniter\CodeIgniter->run()
#9 {main}
CRITICAL - 2023-12-02 11:44:02 --> Undefined variable: loginButton
#0 C:\xampp\htdocs\fitness_club\app\Views\frontend\members_login.php(100): CodeIgniter\Debug\Exceptions->errorHandler(8, 'Undefined varia...', 'C:\\xampp\\htdocs...', 100, Array)
#1 C:\xampp\htdocs\fitness_club\vendor\codeigniter4\framework\system\View\View.php(210): include('C:\\xampp\\htdocs...')
#2 C:\xampp\htdocs\fitness_club\vendor\codeigniter4\framework\system\View\View.php(213): CodeIgniter\View\View->CodeIgniter\View\{closure}()
#3 C:\xampp\htdocs\fitness_club\vendor\codeigniter4\framework\system\Common.php(1089): CodeIgniter\View\View->render('frontend/member...', Array, true)
#4 C:\xampp\htdocs\fitness_club\app\Controllers\ForgetPassword.php(44): view('frontend/member...')
#5 C:\xampp\htdocs\fitness_club\vendor\codeigniter4\framework\system\CodeIgniter.php(835): App\Controllers\ForgetPassword->index()
#6 C:\xampp\htdocs\fitness_club\vendor\codeigniter4\framework\system\CodeIgniter.php(422): CodeIgniter\CodeIgniter->runController(Object(App\Controllers\ForgetPassword))
#7 C:\xampp\htdocs\fitness_club\vendor\codeigniter4\framework\system\CodeIgniter.php(329): CodeIgniter\CodeIgniter->handleRequest(NULL, Object(Config\Cache), false)
#8 C:\xampp\htdocs\fitness_club\index.php(37): CodeIgniter\CodeIgniter->run()
#9 {main}
CRITICAL - 2023-12-02 11:44:03 --> Undefined variable: loginButton
#0 C:\xampp\htdocs\fitness_club\app\Views\frontend\members_login.php(100): CodeIgniter\Debug\Exceptions->errorHandler(8, 'Undefined varia...', 'C:\\xampp\\htdocs...', 100, Array)
#1 C:\xampp\htdocs\fitness_club\vendor\codeigniter4\framework\system\View\View.php(210): include('C:\\xampp\\htdocs...')
#2 C:\xampp\htdocs\fitness_club\vendor\codeigniter4\framework\system\View\View.php(213): CodeIgniter\View\View->CodeIgniter\View\{closure}()
#3 C:\xampp\htdocs\fitness_club\vendor\codeigniter4\framework\system\Common.php(1089): CodeIgniter\View\View->render('frontend/member...', Array, true)
#4 C:\xampp\htdocs\fitness_club\app\Controllers\ForgetPassword.php(44): view('frontend/member...')
#5 C:\xampp\htdocs\fitness_club\vendor\codeigniter4\framework\system\CodeIgniter.php(835): App\Controllers\ForgetPassword->index()
#6 C:\xampp\htdocs\fitness_club\vendor\codeigniter4\framework\system\CodeIgniter.php(422): CodeIgniter\CodeIgniter->runController(Object(App\Controllers\ForgetPassword))
#7 C:\xampp\htdocs\fitness_club\vendor\codeigniter4\framework\system\CodeIgniter.php(329): CodeIgniter\CodeIgniter->handleRequest(NULL, Object(Config\Cache), false)
#8 C:\xampp\htdocs\fitness_club\index.php(37): CodeIgniter\CodeIgniter->run()
#9 {main}
CRITICAL - 2023-12-02 11:44:03 --> Undefined variable: loginButton
#0 C:\xampp\htdocs\fitness_club\app\Views\frontend\members_login.php(100): CodeIgniter\Debug\Exceptions->errorHandler(8, 'Undefined varia...', 'C:\\xampp\\htdocs...', 100, Array)
#1 C:\xampp\htdocs\fitness_club\vendor\codeigniter4\framework\system\View\View.php(210): include('C:\\xampp\\htdocs...')
#2 C:\xampp\htdocs\fitness_club\vendor\codeigniter4\framework\system\View\View.php(213): CodeIgniter\View\View->CodeIgniter\View\{closure}()
#3 C:\xampp\htdocs\fitness_club\vendor\codeigniter4\framework\system\Common.php(1089): CodeIgniter\View\View->render('frontend/member...', Array, true)
#4 C:\xampp\htdocs\fitness_club\app\Controllers\ForgetPassword.php(44): view('frontend/member...')
#5 C:\xampp\htdocs\fitness_club\vendor\codeigniter4\framework\system\CodeIgniter.php(835): App\Controllers\ForgetPassword->index()
#6 C:\xampp\htdocs\fitness_club\vendor\codeigniter4\framework\system\CodeIgniter.php(422): CodeIgniter\CodeIgniter->runController(Object(App\Controllers\ForgetPassword))
#7 C:\xampp\htdocs\fitness_club\vendor\codeigniter4\framework\system\CodeIgniter.php(329): CodeIgniter\CodeIgniter->handleRequest(NULL, Object(Config\Cache), false)
#8 C:\xampp\htdocs\fitness_club\index.php(37): CodeIgniter\CodeIgniter->run()
#9 {main}
CRITICAL - 2023-12-02 11:44:03 --> Undefined variable: loginButton
#0 C:\xampp\htdocs\fitness_club\app\Views\frontend\members_login.php(100): CodeIgniter\Debug\Exceptions->errorHandler(8, 'Undefined varia...', 'C:\\xampp\\htdocs...', 100, Array)
#1 C:\xampp\htdocs\fitness_club\vendor\codeigniter4\framework\system\View\View.php(210): include('C:\\xampp\\htdocs...')
#2 C:\xampp\htdocs\fitness_club\vendor\codeigniter4\framework\system\View\View.php(213): CodeIgniter\View\View->CodeIgniter\View\{closure}()
#3 C:\xampp\htdocs\fitness_club\vendor\codeigniter4\framework\system\Common.php(1089): CodeIgniter\View\View->render('frontend/member...', Array, true)
#4 C:\xampp\htdocs\fitness_club\app\Controllers\ForgetPassword.php(44): view('frontend/member...')
#5 C:\xampp\htdocs\fitness_club\vendor\codeigniter4\framework\system\CodeIgniter.php(835): App\Controllers\ForgetPassword->index()
#6 C:\xampp\htdocs\fitness_club\vendor\codeigniter4\framework\system\CodeIgniter.php(422): CodeIgniter\CodeIgniter->runController(Object(App\Controllers\ForgetPassword))
#7 C:\xampp\htdocs\fitness_club\vendor\codeigniter4\framework\system\CodeIgniter.php(329): CodeIgniter\CodeIgniter->handleRequest(NULL, Object(Config\Cache), false)
#8 C:\xampp\htdocs\fitness_club\index.php(37): CodeIgniter\CodeIgniter->run()
#9 {main}
CRITICAL - 2023-12-02 11:44:03 --> Undefined variable: loginButton
#0 C:\xampp\htdocs\fitness_club\app\Views\frontend\members_login.php(100): CodeIgniter\Debug\Exceptions->errorHandler(8, 'Undefined varia...', 'C:\\xampp\\htdocs...', 100, Array)
#1 C:\xampp\htdocs\fitness_club\vendor\codeigniter4\framework\system\View\View.php(210): include('C:\\xampp\\htdocs...')
#2 C:\xampp\htdocs\fitness_club\vendor\codeigniter4\framework\system\View\View.php(213): CodeIgniter\View\View->CodeIgniter\View\{closure}()
#3 C:\xampp\htdocs\fitness_club\vendor\codeigniter4\framework\system\Common.php(1089): CodeIgniter\View\View->render('frontend/member...', Array, true)
#4 C:\xampp\htdocs\fitness_club\app\Controllers\ForgetPassword.php(44): view('frontend/member...')
#5 C:\xampp\htdocs\fitness_club\vendor\codeigniter4\framework\system\CodeIgniter.php(835): App\Controllers\ForgetPassword->index()
#6 C:\xampp\htdocs\fitness_club\vendor\codeigniter4\framework\system\CodeIgniter.php(422): CodeIgniter\CodeIgniter->runController(Object(App\Controllers\ForgetPassword))
#7 C:\xampp\htdocs\fitness_club\vendor\codeigniter4\framework\system\CodeIgniter.php(329): CodeIgniter\CodeIgniter->handleRequest(NULL, Object(Config\Cache), false)
#8 C:\xampp\htdocs\fitness_club\index.php(37): CodeIgniter\CodeIgniter->run()
#9 {main}
CRITICAL - 2023-12-02 11:44:04 --> Undefined variable: loginButton
#0 C:\xampp\htdocs\fitness_club\app\Views\frontend\members_login.php(100): CodeIgniter\Debug\Exceptions->errorHandler(8, 'Undefined varia...', 'C:\\xampp\\htdocs...', 100, Array)
#1 C:\xampp\htdocs\fitness_club\vendor\codeigniter4\framework\system\View\View.php(210): include('C:\\xampp\\htdocs...')
#2 C:\xampp\htdocs\fitness_club\vendor\codeigniter4\framework\system\View\View.php(213): CodeIgniter\View\View->CodeIgniter\View\{closure}()
#3 C:\xampp\htdocs\fitness_club\vendor\codeigniter4\framework\system\Common.php(1089): CodeIgniter\View\View->render('frontend/member...', Array, true)
#4 C:\xampp\htdocs\fitness_club\app\Controllers\ForgetPassword.php(44): view('frontend/member...')
#5 C:\xampp\htdocs\fitness_club\vendor\codeigniter4\framework\system\CodeIgniter.php(835): App\Controllers\ForgetPassword->index()
#6 C:\xampp\htdocs\fitness_club\vendor\codeigniter4\framework\system\CodeIgniter.php(422): CodeIgniter\CodeIgniter->runController(Object(App\Controllers\ForgetPassword))
#7 C:\xampp\htdocs\fitness_club\vendor\codeigniter4\framework\system\CodeIgniter.php(329): CodeIgniter\CodeIgniter->handleRequest(NULL, Object(Config\Cache), false)
#8 C:\xampp\htdocs\fitness_club\index.php(37): CodeIgniter\CodeIgniter->run()
#9 {main}
CRITICAL - 2023-12-02 12:11:08 --> Undefined property: App\Controllers\Payment::$input
#0 C:\xampp\htdocs\fitness_club\app\Controllers\Payment.php(19): CodeIgniter\Debug\Exceptions->errorHandler(8, 'Undefined prope...', 'C:\\xampp\\htdocs...', 19, Array)
#1 C:\xampp\htdocs\fitness_club\vendor\codeigniter4\framework\system\CodeIgniter.php(835): App\Controllers\Payment->pay_process()
#2 C:\xampp\htdocs\fitness_club\vendor\codeigniter4\framework\system\CodeIgniter.php(422): CodeIgniter\CodeIgniter->runController(Object(App\Controllers\Payment))
#3 C:\xampp\htdocs\fitness_club\vendor\codeigniter4\framework\system\CodeIgniter.php(329): CodeIgniter\CodeIgniter->handleRequest(NULL, Object(Config\Cache), false)
#4 C:\xampp\htdocs\fitness_club\index.php(37): CodeIgniter\CodeIgniter->run()
#5 {main}
CRITICAL - 2023-12-02 12:12:06 --> Undefined property: App\Controllers\Payment::$input
#0 C:\xampp\htdocs\fitness_club\app\Controllers\Payment.php(19): CodeIgniter\Debug\Exceptions->errorHandler(8, 'Undefined prope...', 'C:\\xampp\\htdocs...', 19, Array)
#1 C:\xampp\htdocs\fitness_club\vendor\codeigniter4\framework\system\CodeIgniter.php(835): App\Controllers\Payment->pay_process()
#2 C:\xampp\htdocs\fitness_club\vendor\codeigniter4\framework\system\CodeIgniter.php(422): CodeIgniter\CodeIgniter->runController(Object(App\Controllers\Payment))
#3 C:\xampp\htdocs\fitness_club\vendor\codeigniter4\framework\system\CodeIgniter.php(329): CodeIgniter\CodeIgniter->handleRequest(NULL, Object(Config\Cache), false)
#4 C:\xampp\htdocs\fitness_club\index.php(37): CodeIgniter\CodeIgniter->run()
#5 {main}
CRITICAL - 2023-12-02 12:12:25 --> Undefined property: App\Controllers\Payment::$input
#0 C:\xampp\htdocs\fitness_club\app\Controllers\Payment.php(19): CodeIgniter\Debug\Exceptions->errorHandler(8, 'Undefined prope...', 'C:\\xampp\\htdocs...', 19, Array)
#1 C:\xampp\htdocs\fitness_club\vendor\codeigniter4\framework\system\CodeIgniter.php(835): App\Controllers\Payment->pay_process()
#2 C:\xampp\htdocs\fitness_club\vendor\codeigniter4\framework\system\CodeIgniter.php(422): CodeIgniter\CodeIgniter->runController(Object(App\Controllers\Payment))
#3 C:\xampp\htdocs\fitness_club\vendor\codeigniter4\framework\system\CodeIgniter.php(329): CodeIgniter\CodeIgniter->handleRequest(NULL, Object(Config\Cache), false)
#4 C:\xampp\htdocs\fitness_club\index.php(37): CodeIgniter\CodeIgniter->run()
#5 {main}
CRITICAL - 2023-12-02 12:12:51 --> Undefined property: App\Controllers\Payment::$input
#0 C:\xampp\htdocs\fitness_club\app\Controllers\Payment.php(19): CodeIgniter\Debug\Exceptions->errorHandler(8, 'Undefined prope...', 'C:\\xampp\\htdocs...', 19, Array)
#1 C:\xampp\htdocs\fitness_club\vendor\codeigniter4\framework\system\CodeIgniter.php(835): App\Controllers\Payment->pay_process()
#2 C:\xampp\htdocs\fitness_club\vendor\codeigniter4\framework\system\CodeIgniter.php(422): CodeIgniter\CodeIgniter->runController(Object(App\Controllers\Payment))
#3 C:\xampp\htdocs\fitness_club\vendor\codeigniter4\framework\system\CodeIgniter.php(329): CodeIgniter\CodeIgniter->handleRequest(NULL, Object(Config\Cache), false)
#4 C:\xampp\htdocs\fitness_club\index.php(37): CodeIgniter\CodeIgniter->run()
#5 {main}
CRITICAL - 2023-12-02 12:28:18 --> Undefined property: App\Controllers\Payment::$input
#0 C:\xampp\htdocs\fitness_club\app\Controllers\Payment.php(19): CodeIgniter\Debug\Exceptions->errorHandler(8, 'Undefined prope...', 'C:\\xampp\\htdocs...', 19, Array)
#1 C:\xampp\htdocs\fitness_club\vendor\codeigniter4\framework\system\CodeIgniter.php(835): App\Controllers\Payment->pay_process()
#2 C:\xampp\htdocs\fitness_club\vendor\codeigniter4\framework\system\CodeIgniter.php(422): CodeIgniter\CodeIgniter->runController(Object(App\Controllers\Payment))
#3 C:\xampp\htdocs\fitness_club\vendor\codeigniter4\framework\system\CodeIgniter.php(329): CodeIgniter\CodeIgniter->handleRequest(NULL, Object(Config\Cache), false)
#4 C:\xampp\htdocs\fitness_club\index.php(37): CodeIgniter\CodeIgniter->run()
#5 {main}
CRITICAL - 2023-12-02 12:30:11 --> Undefined property: App\Controllers\Payment::$input
#0 C:\xampp\htdocs\fitness_club\app\Controllers\Payment.php(22): CodeIgniter\Debug\Exceptions->errorHandler(8, 'Undefined prope...', 'C:\\xampp\\htdocs...', 22, Array)
#1 C:\xampp\htdocs\fitness_club\vendor\codeigniter4\framework\system\CodeIgniter.php(835): App\Controllers\Payment->pay_process()
#2 C:\xampp\htdocs\fitness_club\vendor\codeigniter4\framework\system\CodeIgniter.php(422): CodeIgniter\CodeIgniter->runController(Object(App\Controllers\Payment))
#3 C:\xampp\htdocs\fitness_club\vendor\codeigniter4\framework\system\CodeIgniter.php(329): CodeIgniter\CodeIgniter->handleRequest(NULL, Object(Config\Cache), false)
#4 C:\xampp\htdocs\fitness_club\index.php(37): CodeIgniter\CodeIgniter->run()
#5 {main}
CRITICAL - 2023-12-02 12:31:56 --> Undefined property: App\Controllers\Payment::$load
#0 C:\xampp\htdocs\fitness_club\app\Controllers\Payment.php(41): CodeIgniter\Debug\Exceptions->errorHandler(8, 'Undefined prope...', 'C:\\xampp\\htdocs...', 41, Array)
#1 C:\xampp\htdocs\fitness_club\app\Controllers\Payment.php(28): App\Controllers\Payment->updatePaymentStatus('26')
#2 C:\xampp\htdocs\fitness_club\vendor\codeigniter4\framework\system\CodeIgniter.php(835): App\Controllers\Payment->pay_process()
#3 C:\xampp\htdocs\fitness_club\vendor\codeigniter4\framework\system\CodeIgniter.php(422): CodeIgniter\CodeIgniter->runController(Object(App\Controllers\Payment))
#4 C:\xampp\htdocs\fitness_club\vendor\codeigniter4\framework\system\CodeIgniter.php(329): CodeIgniter\CodeIgniter->handleRequest(NULL, Object(Config\Cache), false)
#5 C:\xampp\htdocs\fitness_club\index.php(37): CodeIgniter\CodeIgniter->run()
#6 {main}
CRITICAL - 2023-12-02 12:33:37 --> Undefined property: App\Controllers\Payment::$MembersModel
#0 C:\xampp\htdocs\fitness_club\app\Controllers\Payment.php(49): CodeIgniter\Debug\Exceptions->errorHandler(8, 'Undefined prope...', 'C:\\xampp\\htdocs...', 49, Array)
#1 C:\xampp\htdocs\fitness_club\app\Controllers\Payment.php(28): App\Controllers\Payment->updatePaymentStatus('26')
#2 C:\xampp\htdocs\fitness_club\vendor\codeigniter4\framework\system\CodeIgniter.php(835): App\Controllers\Payment->pay_process()
#3 C:\xampp\htdocs\fitness_club\vendor\codeigniter4\framework\system\CodeIgniter.php(422): CodeIgniter\CodeIgniter->runController(Object(App\Controllers\Payment))
#4 C:\xampp\htdocs\fitness_club\vendor\codeigniter4\framework\system\CodeIgniter.php(329): CodeIgniter\CodeIgniter->handleRequest(NULL, Object(Config\Cache), false)
#5 C:\xampp\htdocs\fitness_club\index.php(37): CodeIgniter\CodeIgniter->run()
#6 {main}
CRITICAL - 2023-12-02 12:34:36 --> Undefined variable: membersModel
#0 C:\xampp\htdocs\fitness_club\app\Controllers\Payment.php(49): CodeIgniter\Debug\Exceptions->errorHandler(8, 'Undefined varia...', 'C:\\xampp\\htdocs...', 49, Array)
#1 C:\xampp\htdocs\fitness_club\app\Controllers\Payment.php(28): App\Controllers\Payment->updatePaymentStatus('26')
#2 C:\xampp\htdocs\fitness_club\vendor\codeigniter4\framework\system\CodeIgniter.php(835): App\Controllers\Payment->pay_process()
#3 C:\xampp\htdocs\fitness_club\vendor\codeigniter4\framework\system\CodeIgniter.php(422): CodeIgniter\CodeIgniter->runController(Object(App\Controllers\Payment))
#4 C:\xampp\htdocs\fitness_club\vendor\codeigniter4\framework\system\CodeIgniter.php(329): CodeIgniter\CodeIgniter->handleRequest(NULL, Object(Config\Cache), false)
#5 C:\xampp\htdocs\fitness_club\index.php(37): CodeIgniter\CodeIgniter->run()
#6 {main}
CRITICAL - 2023-12-02 12:35:04 --> Call to undefined method CodeIgniter\Database\MySQLi\Connection::where()
#0 C:\xampp\htdocs\fitness_club\app\Controllers\Payment.php(49): App\Models\MembersModel->updatePaymentStatusById(Array, '26')
#1 C:\xampp\htdocs\fitness_club\app\Controllers\Payment.php(28): App\Controllers\Payment->updatePaymentStatus('26')
#2 C:\xampp\htdocs\fitness_club\vendor\codeigniter4\framework\system\CodeIgniter.php(835): App\Controllers\Payment->pay_process()
#3 C:\xampp\htdocs\fitness_club\vendor\codeigniter4\framework\system\CodeIgniter.php(422): CodeIgniter\CodeIgniter->runController(Object(App\Controllers\Payment))
#4 C:\xampp\htdocs\fitness_club\vendor\codeigniter4\framework\system\CodeIgniter.php(329): CodeIgniter\CodeIgniter->handleRequest(NULL, Object(Config\Cache), false)
#5 C:\xampp\htdocs\fitness_club\index.php(37): CodeIgniter\CodeIgniter->run()
#6 {main}
CRITICAL - 2023-12-02 12:37:04 --> Call to undefined method CodeIgniter\Database\MySQLi\Connection::where()
#0 C:\xampp\htdocs\fitness_club\app\Controllers\Payment.php(49): App\Models\MembersModel->updatePaymentStatusById(Array, '26')
#1 C:\xampp\htdocs\fitness_club\app\Controllers\Payment.php(28): App\Controllers\Payment->updatePaymentStatus('26')
#2 C:\xampp\htdocs\fitness_club\vendor\codeigniter4\framework\system\CodeIgniter.php(835): App\Controllers\Payment->pay_process()
#3 C:\xampp\htdocs\fitness_club\vendor\codeigniter4\framework\system\CodeIgniter.php(422): CodeIgniter\CodeIgniter->runController(Object(App\Controllers\Payment))
#4 C:\xampp\htdocs\fitness_club\vendor\codeigniter4\framework\system\CodeIgniter.php(329): CodeIgniter\CodeIgniter->handleRequest(NULL, Object(Config\Cache), false)
#5 C:\xampp\htdocs\fitness_club\index.php(37): CodeIgniter\CodeIgniter->run()
#6 {main}
CRITICAL - 2023-12-02 12:38:20 --> Undefined variable: userId
#0 C:\xampp\htdocs\fitness_club\app\Models\MembersModel.php(17): CodeIgniter\Debug\Exceptions->errorHandler(8, 'Undefined varia...', 'C:\\xampp\\htdocs...', 17, Array)
#1 C:\xampp\htdocs\fitness_club\app\Controllers\Payment.php(49): App\Models\MembersModel->updatePaymentStatusById(Array, '26')
#2 C:\xampp\htdocs\fitness_club\app\Controllers\Payment.php(28): App\Controllers\Payment->updatePaymentStatus('26')
#3 C:\xampp\htdocs\fitness_club\vendor\codeigniter4\framework\system\CodeIgniter.php(835): App\Controllers\Payment->pay_process()
#4 C:\xampp\htdocs\fitness_club\vendor\codeigniter4\framework\system\CodeIgniter.php(422): CodeIgniter\CodeIgniter->runController(Object(App\Controllers\Payment))
#5 C:\xampp\htdocs\fitness_club\vendor\codeigniter4\framework\system\CodeIgniter.php(329): CodeIgniter\CodeIgniter->handleRequest(NULL, Object(Config\Cache), false)
#6 C:\xampp\htdocs\fitness_club\index.php(37): CodeIgniter\CodeIgniter->run()
#7 {main}
ERROR - 2023-12-02 12:39:11 --> Table 'gym.fees' doesn't exist
CRITICAL - 2023-12-02 12:39:11 --> Table 'gym.fees' doesn't exist
#0 C:\xampp\htdocs\fitness_club\vendor\codeigniter4\framework\system\Database\MySQLi\Connection.php(292): mysqli->query('UPDATE `fees` S...', 0)
#1 C:\xampp\htdocs\fitness_club\vendor\codeigniter4\framework\system\Database\BaseConnection.php(670): CodeIgniter\Database\MySQLi\Connection->execute('UPDATE `fees` S...')
#2 C:\xampp\htdocs\fitness_club\vendor\codeigniter4\framework\system\Database\BaseConnection.php(598): CodeIgniter\Database\BaseConnection->simpleQuery('UPDATE `fees` S...')
#3 C:\xampp\htdocs\fitness_club\vendor\codeigniter4\framework\system\Database\BaseBuilder.php(1913): CodeIgniter\Database\BaseConnection->query('UPDATE `fees` S...', Array, false)
#4 C:\xampp\htdocs\fitness_club\app\Models\MembersModel.php(17): CodeIgniter\Database\BaseBuilder->update(Array)
#5 C:\xampp\htdocs\fitness_club\app\Controllers\Payment.php(49): App\Models\MembersModel->updatePaymentStatusById('26', Array)
#6 C:\xampp\htdocs\fitness_club\app\Controllers\Payment.php(28): App\Controllers\Payment->updatePaymentStatus('26')
#7 C:\xampp\htdocs\fitness_club\vendor\codeigniter4\framework\system\CodeIgniter.php(835): App\Controllers\Payment->pay_process()
#8 C:\xampp\htdocs\fitness_club\vendor\codeigniter4\framework\system\CodeIgniter.php(422): CodeIgniter\CodeIgniter->runController(Object(App\Controllers\Payment))
#9 C:\xampp\htdocs\fitness_club\vendor\codeigniter4\framework\system\CodeIgniter.php(329): CodeIgniter\CodeIgniter->handleRequest(NULL, Object(Config\Cache), false)
#10 C:\xampp\htdocs\fitness_club\index.php(37): CodeIgniter\CodeIgniter->run()
#11 {main}
CRITICAL - 2023-12-02 12:40:15 --> {0} route cannot be found while reverse-routing.
#0 C:\xampp\htdocs\fitness_club\vendor\codeigniter4\framework\system\HTTP\RedirectResponse.php(56): CodeIgniter\HTTP\Exceptions\HTTPException::forInvalidRedirectRoute('')
#1 C:\xampp\htdocs\fitness_club\vendor\codeigniter4\framework\system\Common.php(832): CodeIgniter\HTTP\RedirectResponse->route(false)
#2 C:\xampp\htdocs\fitness_club\app\Controllers\Payment.php(30): redirect('frontend/index')
#3 C:\xampp\htdocs\fitness_club\vendor\codeigniter4\framework\system\CodeIgniter.php(835): App\Controllers\Payment->pay_process()
#4 C:\xampp\htdocs\fitness_club\vendor\codeigniter4\framework\system\CodeIgniter.php(422): CodeIgniter\CodeIgniter->runController(Object(App\Controllers\Payment))
#5 C:\xampp\htdocs\fitness_club\vendor\codeigniter4\framework\system\CodeIgniter.php(329): CodeIgniter\CodeIgniter->handleRequest(NULL, Object(Config\Cache), false)
#6 C:\xampp\htdocs\fitness_club\index.php(37): CodeIgniter\CodeIgniter->run()
#7 {main}
CRITICAL - 2023-12-02 12:41:55 --> Undefined property: App\Controllers\Payment::$db
#0 C:\xampp\htdocs\fitness_club\app\Controllers\Payment.php(47): CodeIgniter\Debug\Exceptions->errorHandler(8, 'Undefined prope...', 'C:\\xampp\\htdocs...', 47, Array)
#1 C:\xampp\htdocs\fitness_club\app\Controllers\Payment.php(28): App\Controllers\Payment->updatePaymentStatus('26')
#2 C:\xampp\htdocs\fitness_club\vendor\codeigniter4\framework\system\CodeIgniter.php(835): App\Controllers\Payment->pay_process()
#3 C:\xampp\htdocs\fitness_club\vendor\codeigniter4\framework\system\CodeIgniter.php(422): CodeIgniter\CodeIgniter->runController(Object(App\Controllers\Payment))
#4 C:\xampp\htdocs\fitness_club\vendor\codeigniter4\framework\system\CodeIgniter.php(329): CodeIgniter\CodeIgniter->handleRequest(NULL, Object(Config\Cache), false)
#5 C:\xampp\htdocs\fitness_club\index.php(37): CodeIgniter\CodeIgniter->run()
#6 {main}
CRITICAL - 2023-12-02 12:42:43 --> Undefined variable: schedule
#0 C:\xampp\htdocs\fitness_club\app\Views\frontend\index.php(239): CodeIgniter\Debug\Exceptions->errorHandler(8, 'Undefined varia...', 'C:\\xampp\\htdocs...', 239, Array)
#1 C:\xampp\htdocs\fitness_club\vendor\codeigniter4\framework\system\View\View.php(210): include('C:\\xampp\\htdocs...')
#2 C:\xampp\htdocs\fitness_club\vendor\codeigniter4\framework\system\View\View.php(213): CodeIgniter\View\View->CodeIgniter\View\{closure}()
#3 C:\xampp\htdocs\fitness_club\vendor\codeigniter4\framework\system\Common.php(1089): CodeIgniter\View\View->render('frontend/index', Array, true)
#4 C:\xampp\htdocs\fitness_club\app\Controllers\Payment.php(30): view('frontend/index')
#5 C:\xampp\htdocs\fitness_club\vendor\codeigniter4\framework\system\CodeIgniter.php(835): App\Controllers\Payment->pay_process()
#6 C:\xampp\htdocs\fitness_club\vendor\codeigniter4\framework\system\CodeIgniter.php(422): CodeIgniter\CodeIgniter->runController(Object(App\Controllers\Payment))
#7 C:\xampp\htdocs\fitness_club\vendor\codeigniter4\framework\system\CodeIgniter.php(329): CodeIgniter\CodeIgniter->handleRequest(NULL, Object(Config\Cache), false)
#8 C:\xampp\htdocs\fitness_club\index.php(37): CodeIgniter\CodeIgniter->run()
#9 {main}
CRITICAL - 2023-12-02 12:46:27 --> Undefined variable: trainers
#0 C:\xampp\htdocs\fitness_club\app\Views\frontend\index.php(294): CodeIgniter\Debug\Exceptions->errorHandler(8, 'Undefined varia...', 'C:\\xampp\\htdocs...', 294, Array)
#1 C:\xampp\htdocs\fitness_club\vendor\codeigniter4\framework\system\View\View.php(210): include('C:\\xampp\\htdocs...')
#2 C:\xampp\htdocs\fitness_club\vendor\codeigniter4\framework\system\View\View.php(213): CodeIgniter\View\View->CodeIgniter\View\{closure}()
#3 C:\xampp\htdocs\fitness_club\vendor\codeigniter4\framework\system\Common.php(1089): CodeIgniter\View\View->render('frontend/index', Array, true)
#4 C:\xampp\htdocs\fitness_club\app\Controllers\Payment.php(30): view('frontend/index')
#5 C:\xampp\htdocs\fitness_club\vendor\codeigniter4\framework\system\CodeIgniter.php(835): App\Controllers\Payment->pay_process()
#6 C:\xampp\htdocs\fitness_club\vendor\codeigniter4\framework\system\CodeIgniter.php(422): CodeIgniter\CodeIgniter->runController(Object(App\Controllers\Payment))
#7 C:\xampp\htdocs\fitness_club\vendor\codeigniter4\framework\system\CodeIgniter.php(329): CodeIgniter\CodeIgniter->handleRequest(NULL, Object(Config\Cache), false)
#8 C:\xampp\htdocs\fitness_club\index.php(37): CodeIgniter\CodeIgniter->run()
#9 {main}
CRITICAL - 2023-12-02 12:46:31 --> Undefined variable: trainers
#0 C:\xampp\htdocs\fitness_club\app\Views\frontend\index.php(294): CodeIgniter\Debug\Exceptions->errorHandler(8, 'Undefined varia...', 'C:\\xampp\\htdocs...', 294, Array)
#1 C:\xampp\htdocs\fitness_club\vendor\codeigniter4\framework\system\View\View.php(210): include('C:\\xampp\\htdocs...')
#2 C:\xampp\htdocs\fitness_club\vendor\codeigniter4\framework\system\View\View.php(213): CodeIgniter\View\View->CodeIgniter\View\{closure}()
#3 C:\xampp\htdocs\fitness_club\vendor\codeigniter4\framework\system\Common.php(1089): CodeIgniter\View\View->render('frontend/index', Array, true)
#4 C:\xampp\htdocs\fitness_club\app\Controllers\Payment.php(30): view('frontend/index')
#5 C:\xampp\htdocs\fitness_club\vendor\codeigniter4\framework\system\CodeIgniter.php(835): App\Controllers\Payment->pay_process()
#6 C:\xampp\htdocs\fitness_club\vendor\codeigniter4\framework\system\CodeIgniter.php(422): CodeIgniter\CodeIgniter->runController(Object(App\Controllers\Payment))
#7 C:\xampp\htdocs\fitness_club\vendor\codeigniter4\framework\system\CodeIgniter.php(329): CodeIgniter\CodeIgniter->handleRequest(NULL, Object(Config\Cache), false)
#8 C:\xampp\htdocs\fitness_club\index.php(37): CodeIgniter\CodeIgniter->run()
#9 {main}
CRITICAL - 2023-12-02 12:47:28 --> Undefined variable: blogs
#0 C:\xampp\htdocs\fitness_club\app\Views\frontend\index.php(406): CodeIgniter\Debug\Exceptions->errorHandler(8, 'Undefined varia...', 'C:\\xampp\\htdocs...', 406, Array)
#1 C:\xampp\htdocs\fitness_club\vendor\codeigniter4\framework\system\View\View.php(210): include('C:\\xampp\\htdocs...')
#2 C:\xampp\htdocs\fitness_club\vendor\codeigniter4\framework\system\View\View.php(213): CodeIgniter\View\View->CodeIgniter\View\{closure}()
#3 C:\xampp\htdocs\fitness_club\vendor\codeigniter4\framework\system\Common.php(1089): CodeIgniter\View\View->render('frontend/index', Array, true)
#4 C:\xampp\htdocs\fitness_club\app\Controllers\Payment.php(30): view('frontend/index')
#5 C:\xampp\htdocs\fitness_club\vendor\codeigniter4\framework\system\CodeIgniter.php(835): App\Controllers\Payment->pay_process()
#6 C:\xampp\htdocs\fitness_club\vendor\codeigniter4\framework\system\CodeIgniter.php(422): CodeIgniter\CodeIgniter->runController(Object(App\Controllers\Payment))
#7 C:\xampp\htdocs\fitness_club\vendor\codeigniter4\framework\system\CodeIgniter.php(329): CodeIgniter\CodeIgniter->handleRequest(NULL, Object(Config\Cache), false)
#8 C:\xampp\htdocs\fitness_club\index.php(37): CodeIgniter\CodeIgniter->run()
#9 {main}
CRITICAL - 2023-12-02 12:49:40 --> Undefined variable: detail
#0 C:\xampp\htdocs\fitness_club\app\Views\frontend\footer.php(8): CodeIgniter\Debug\Exceptions->errorHandler(8, 'Undefined varia...', 'C:\\xampp\\htdocs...', 8, Array)
#1 C:\xampp\htdocs\fitness_club\vendor\codeigniter4\framework\system\View\View.php(210): include('C:\\xampp\\htdocs...')
#2 C:\xampp\htdocs\fitness_club\vendor\codeigniter4\framework\system\View\View.php(213): CodeIgniter\View\View->CodeIgniter\View\{closure}()
#3 C:\xampp\htdocs\fitness_club\vendor\codeigniter4\framework\system\Common.php(1089): CodeIgniter\View\View->render('frontend/footer', Array, true)
#4 C:\xampp\htdocs\fitness_club\app\Controllers\Payment.php(31): view('frontend/footer')
#5 C:\xampp\htdocs\fitness_club\vendor\codeigniter4\framework\system\CodeIgniter.php(835): App\Controllers\Payment->pay_process()
#6 C:\xampp\htdocs\fitness_club\vendor\codeigniter4\framework\system\CodeIgniter.php(422): CodeIgniter\CodeIgniter->runController(Object(App\Controllers\Payment))
#7 C:\xampp\htdocs\fitness_club\vendor\codeigniter4\framework\system\CodeIgniter.php(329): CodeIgniter\CodeIgniter->handleRequest(NULL, Object(Config\Cache), false)
#8 C:\xampp\htdocs\fitness_club\index.php(37): CodeIgniter\CodeIgniter->run()
#9 {main}
